[2025-09-06 12:51:46,485] {taskinstance.py:1159} INFO - Dependencies all met for <TaskInstance: dados_climatico.criar_pasta scheduled__2025-08-25T00:00:00+00:00 [queued]>
[2025-09-06 12:51:46,497] {taskinstance.py:1159} INFO - Dependencies all met for <TaskInstance: dados_climatico.criar_pasta scheduled__2025-08-25T00:00:00+00:00 [queued]>
[2025-09-06 12:51:46,497] {taskinstance.py:1356} INFO - 
--------------------------------------------------------------------------------
[2025-09-06 12:51:46,497] {taskinstance.py:1357} INFO - Starting attempt 1 of 1
[2025-09-06 12:51:46,497] {taskinstance.py:1358} INFO - 
--------------------------------------------------------------------------------
[2025-09-06 12:51:46,526] {taskinstance.py:1377} INFO - Executing <Task(BashOperator): criar_pasta> on 2025-08-25 00:00:00+00:00
[2025-09-06 12:51:46,534] {standard_task_runner.py:52} INFO - Started process 35121 to run task
[2025-09-06 12:51:46,544] {standard_task_runner.py:79} INFO - Running: ['airflow', 'tasks', 'run', 'dados_climatico', 'criar_pasta', 'scheduled__2025-08-25T00:00:00+00:00', '--job-id', '28', '--raw', '--subdir', 'DAGS_FOLDER/dados_climaticos.py', '--cfg-path', '/tmp/tmpygkfo8uc', '--error-file', '/tmp/tmpm2e6pgzd']
[2025-09-06 12:51:46,546] {standard_task_runner.py:80} INFO - Job 28: Subtask criar_pasta
[2025-09-06 12:51:46,632] {task_command.py:370} INFO - Running <TaskInstance: dados_climatico.criar_pasta scheduled__2025-08-25T00:00:00+00:00 [running]> on host lucas-Lenovo-ideapad-320-14IKB
[2025-09-06 12:51:46,763] {taskinstance.py:1569} INFO - Exporting the following env vars:
AIRFLOW_CTX_DAG_OWNER=airflow
AIRFLOW_CTX_DAG_ID=dados_climatico
AIRFLOW_CTX_TASK_ID=criar_pasta
AIRFLOW_CTX_EXECUTION_DATE=2025-08-25T00:00:00+00:00
AIRFLOW_CTX_TRY_NUMBER=1
AIRFLOW_CTX_DAG_RUN_ID=scheduled__2025-08-25T00:00:00+00:00
[2025-09-06 12:51:46,765] {subprocess.py:62} INFO - Tmp dir root location: 
 /tmp
[2025-09-06 12:51:46,765] {subprocess.py:74} INFO - Running command: ['bash', '-c', 'mkdir -p "/home/lucas/Documents/airflowalura/semana=2025-09-01"']
[2025-09-06 12:51:46,780] {subprocess.py:85} INFO - Output:
[2025-09-06 12:51:46,783] {subprocess.py:96} INFO - Command exited with return code 0
[2025-09-06 12:51:46,822] {taskinstance.py:1395} INFO - Marking task as SUCCESS. dag_id=dados_climatico, task_id=criar_pasta, execution_date=20250825T000000, start_date=20250906T155146, end_date=20250906T155146
[2025-09-06 12:51:46,873] {local_task_job.py:156} INFO - Task exited with return code 0
[2025-09-06 12:51:46,931] {local_task_job.py:273} INFO - 1 downstream tasks scheduled from follow-on schedule check
[2025-09-06 13:02:14,024] {taskinstance.py:1159} INFO - Dependencies all met for <TaskInstance: dados_climatico.criar_pasta scheduled__2025-08-25T00:00:00+00:00 [queued]>
[2025-09-06 13:02:14,032] {taskinstance.py:1159} INFO - Dependencies all met for <TaskInstance: dados_climatico.criar_pasta scheduled__2025-08-25T00:00:00+00:00 [queued]>
[2025-09-06 13:02:14,032] {taskinstance.py:1356} INFO - 
--------------------------------------------------------------------------------
[2025-09-06 13:02:14,032] {taskinstance.py:1357} INFO - Starting attempt 1 of 1
[2025-09-06 13:02:14,032] {taskinstance.py:1358} INFO - 
--------------------------------------------------------------------------------
[2025-09-06 13:02:14,066] {taskinstance.py:1377} INFO - Executing <Task(BashOperator): criar_pasta> on 2025-08-25 00:00:00+00:00
[2025-09-06 13:02:14,075] {standard_task_runner.py:52} INFO - Started process 36672 to run task
[2025-09-06 13:02:14,080] {standard_task_runner.py:79} INFO - Running: ['airflow', 'tasks', 'run', 'dados_climatico', 'criar_pasta', 'scheduled__2025-08-25T00:00:00+00:00', '--job-id', '36', '--raw', '--subdir', 'DAGS_FOLDER/dados_climaticos.py', '--cfg-path', '/tmp/tmpf7t0adca', '--error-file', '/tmp/tmpwdrge_px']
[2025-09-06 13:02:14,081] {standard_task_runner.py:80} INFO - Job 36: Subtask criar_pasta
[2025-09-06 13:02:14,164] {task_command.py:370} INFO - Running <TaskInstance: dados_climatico.criar_pasta scheduled__2025-08-25T00:00:00+00:00 [running]> on host lucas-Lenovo-ideapad-320-14IKB
[2025-09-06 13:02:14,263] {taskinstance.py:1569} INFO - Exporting the following env vars:
AIRFLOW_CTX_DAG_OWNER=airflow
AIRFLOW_CTX_DAG_ID=dados_climatico
AIRFLOW_CTX_TASK_ID=criar_pasta
AIRFLOW_CTX_EXECUTION_DATE=2025-08-25T00:00:00+00:00
AIRFLOW_CTX_TRY_NUMBER=1
AIRFLOW_CTX_DAG_RUN_ID=scheduled__2025-08-25T00:00:00+00:00
[2025-09-06 13:02:14,264] {subprocess.py:62} INFO - Tmp dir root location: 
 /tmp
[2025-09-06 13:02:14,265] {subprocess.py:74} INFO - Running command: ['bash', '-c', 'mkdir -p "/home/lucas/Documents/airflowalura/semana=2025-09-01"']
[2025-09-06 13:02:14,278] {subprocess.py:85} INFO - Output:
[2025-09-06 13:02:14,281] {subprocess.py:96} INFO - Command exited with return code 0
[2025-09-06 13:02:14,331] {taskinstance.py:1395} INFO - Marking task as SUCCESS. dag_id=dados_climatico, task_id=criar_pasta, execution_date=20250825T000000, start_date=20250906T160214, end_date=20250906T160214
[2025-09-06 13:02:14,372] {local_task_job.py:156} INFO - Task exited with return code 0
[2025-09-06 13:02:14,427] {local_task_job.py:273} INFO - 1 downstream tasks scheduled from follow-on schedule check
