[2025-09-06 12:51:39,599] {taskinstance.py:1159} INFO - Dependencies all met for <TaskInstance: dados_climatico.criar_pasta scheduled__2025-08-18T00:00:00+00:00 [queued]>
[2025-09-06 12:51:39,610] {taskinstance.py:1159} INFO - Dependencies all met for <TaskInstance: dados_climatico.criar_pasta scheduled__2025-08-18T00:00:00+00:00 [queued]>
[2025-09-06 12:51:39,610] {taskinstance.py:1356} INFO - 
--------------------------------------------------------------------------------
[2025-09-06 12:51:39,610] {taskinstance.py:1357} INFO - Starting attempt 1 of 1
[2025-09-06 12:51:39,610] {taskinstance.py:1358} INFO - 
--------------------------------------------------------------------------------
[2025-09-06 12:51:39,656] {taskinstance.py:1377} INFO - Executing <Task(BashOperator): criar_pasta> on 2025-08-18 00:00:00+00:00
[2025-09-06 12:51:39,662] {standard_task_runner.py:52} INFO - Started process 35096 to run task
[2025-09-06 12:51:39,672] {standard_task_runner.py:79} INFO - Running: ['airflow', 'tasks', 'run', 'dados_climatico', 'criar_pasta', 'scheduled__2025-08-18T00:00:00+00:00', '--job-id', '26', '--raw', '--subdir', 'DAGS_FOLDER/dados_climaticos.py', '--cfg-path', '/tmp/tmpi5jpi494', '--error-file', '/tmp/tmpdo0mxh3l']
[2025-09-06 12:51:39,675] {standard_task_runner.py:80} INFO - Job 26: Subtask criar_pasta
[2025-09-06 12:51:39,790] {task_command.py:370} INFO - Running <TaskInstance: dados_climatico.criar_pasta scheduled__2025-08-18T00:00:00+00:00 [running]> on host lucas-Lenovo-ideapad-320-14IKB
[2025-09-06 12:51:39,964] {taskinstance.py:1569} INFO - Exporting the following env vars:
AIRFLOW_CTX_DAG_OWNER=airflow
AIRFLOW_CTX_DAG_ID=dados_climatico
AIRFLOW_CTX_TASK_ID=criar_pasta
AIRFLOW_CTX_EXECUTION_DATE=2025-08-18T00:00:00+00:00
AIRFLOW_CTX_TRY_NUMBER=1
AIRFLOW_CTX_DAG_RUN_ID=scheduled__2025-08-18T00:00:00+00:00
[2025-09-06 12:51:39,967] {subprocess.py:62} INFO - Tmp dir root location: 
 /tmp
[2025-09-06 12:51:39,969] {subprocess.py:74} INFO - Running command: ['bash', '-c', 'mkdir -p "/home/lucas/Documents/airflowalura/semana=2025-08-25"']
[2025-09-06 12:51:40,003] {subprocess.py:85} INFO - Output:
[2025-09-06 12:51:40,013] {subprocess.py:96} INFO - Command exited with return code 0
[2025-09-06 12:51:40,092] {taskinstance.py:1395} INFO - Marking task as SUCCESS. dag_id=dados_climatico, task_id=criar_pasta, execution_date=20250818T000000, start_date=20250906T155139, end_date=20250906T155140
[2025-09-06 12:51:40,164] {local_task_job.py:156} INFO - Task exited with return code 0
[2025-09-06 12:51:40,246] {local_task_job.py:273} INFO - 1 downstream tasks scheduled from follow-on schedule check
[2025-09-06 13:02:06,083] {taskinstance.py:1159} INFO - Dependencies all met for <TaskInstance: dados_climatico.criar_pasta scheduled__2025-08-18T00:00:00+00:00 [queued]>
[2025-09-06 13:02:06,095] {taskinstance.py:1159} INFO - Dependencies all met for <TaskInstance: dados_climatico.criar_pasta scheduled__2025-08-18T00:00:00+00:00 [queued]>
[2025-09-06 13:02:06,095] {taskinstance.py:1356} INFO - 
--------------------------------------------------------------------------------
[2025-09-06 13:02:06,095] {taskinstance.py:1357} INFO - Starting attempt 1 of 1
[2025-09-06 13:02:06,095] {taskinstance.py:1358} INFO - 
--------------------------------------------------------------------------------
[2025-09-06 13:02:06,131] {taskinstance.py:1377} INFO - Executing <Task(BashOperator): criar_pasta> on 2025-08-18 00:00:00+00:00
[2025-09-06 13:02:06,140] {standard_task_runner.py:52} INFO - Started process 36647 to run task
[2025-09-06 13:02:06,148] {standard_task_runner.py:79} INFO - Running: ['airflow', 'tasks', 'run', 'dados_climatico', 'criar_pasta', 'scheduled__2025-08-18T00:00:00+00:00', '--job-id', '34', '--raw', '--subdir', 'DAGS_FOLDER/dados_climaticos.py', '--cfg-path', '/tmp/tmp5bhoeipj', '--error-file', '/tmp/tmpw9jojcgp']
[2025-09-06 13:02:06,149] {standard_task_runner.py:80} INFO - Job 34: Subtask criar_pasta
[2025-09-06 13:02:06,237] {task_command.py:370} INFO - Running <TaskInstance: dados_climatico.criar_pasta scheduled__2025-08-18T00:00:00+00:00 [running]> on host lucas-Lenovo-ideapad-320-14IKB
[2025-09-06 13:02:06,345] {taskinstance.py:1569} INFO - Exporting the following env vars:
AIRFLOW_CTX_DAG_OWNER=airflow
AIRFLOW_CTX_DAG_ID=dados_climatico
AIRFLOW_CTX_TASK_ID=criar_pasta
AIRFLOW_CTX_EXECUTION_DATE=2025-08-18T00:00:00+00:00
AIRFLOW_CTX_TRY_NUMBER=1
AIRFLOW_CTX_DAG_RUN_ID=scheduled__2025-08-18T00:00:00+00:00
[2025-09-06 13:02:06,346] {subprocess.py:62} INFO - Tmp dir root location: 
 /tmp
[2025-09-06 13:02:06,347] {subprocess.py:74} INFO - Running command: ['bash', '-c', 'mkdir -p "/home/lucas/Documents/airflowalura/semana=2025-08-25"']
[2025-09-06 13:02:06,360] {subprocess.py:85} INFO - Output:
[2025-09-06 13:02:06,364] {subprocess.py:96} INFO - Command exited with return code 0
[2025-09-06 13:02:06,411] {taskinstance.py:1395} INFO - Marking task as SUCCESS. dag_id=dados_climatico, task_id=criar_pasta, execution_date=20250818T000000, start_date=20250906T160206, end_date=20250906T160206
[2025-09-06 13:02:06,482] {local_task_job.py:156} INFO - Task exited with return code 0
[2025-09-06 13:02:06,544] {local_task_job.py:273} INFO - 1 downstream tasks scheduled from follow-on schedule check
