[2025-09-06 12:51:35,813] {taskinstance.py:1159} INFO - Dependencies all met for <TaskInstance: dados_climatico.criar_pasta scheduled__2025-08-11T00:00:00+00:00 [queued]>
[2025-09-06 12:51:35,826] {taskinstance.py:1159} INFO - Dependencies all met for <TaskInstance: dados_climatico.criar_pasta scheduled__2025-08-11T00:00:00+00:00 [queued]>
[2025-09-06 12:51:35,826] {taskinstance.py:1356} INFO - 
--------------------------------------------------------------------------------
[2025-09-06 12:51:35,827] {taskinstance.py:1357} INFO - Starting attempt 1 of 1
[2025-09-06 12:51:35,827] {taskinstance.py:1358} INFO - 
--------------------------------------------------------------------------------
[2025-09-06 12:51:35,868] {taskinstance.py:1377} INFO - Executing <Task(BashOperator): criar_pasta> on 2025-08-11 00:00:00+00:00
[2025-09-06 12:51:35,875] {standard_task_runner.py:52} INFO - Started process 35084 to run task
[2025-09-06 12:51:35,882] {standard_task_runner.py:79} INFO - Running: ['airflow', 'tasks', 'run', 'dados_climatico', 'criar_pasta', 'scheduled__2025-08-11T00:00:00+00:00', '--job-id', '25', '--raw', '--subdir', 'DAGS_FOLDER/dados_climaticos.py', '--cfg-path', '/tmp/tmpfdmzf4xm', '--error-file', '/tmp/tmpbtl5twn3']
[2025-09-06 12:51:35,883] {standard_task_runner.py:80} INFO - Job 25: Subtask criar_pasta
[2025-09-06 12:51:35,963] {task_command.py:370} INFO - Running <TaskInstance: dados_climatico.criar_pasta scheduled__2025-08-11T00:00:00+00:00 [running]> on host lucas-Lenovo-ideapad-320-14IKB
[2025-09-06 12:51:36,101] {taskinstance.py:1569} INFO - Exporting the following env vars:
AIRFLOW_CTX_DAG_OWNER=airflow
AIRFLOW_CTX_DAG_ID=dados_climatico
AIRFLOW_CTX_TASK_ID=criar_pasta
AIRFLOW_CTX_EXECUTION_DATE=2025-08-11T00:00:00+00:00
AIRFLOW_CTX_TRY_NUMBER=1
AIRFLOW_CTX_DAG_RUN_ID=scheduled__2025-08-11T00:00:00+00:00
[2025-09-06 12:51:36,102] {subprocess.py:62} INFO - Tmp dir root location: 
 /tmp
[2025-09-06 12:51:36,108] {subprocess.py:74} INFO - Running command: ['bash', '-c', 'mkdir -p "/home/lucas/Documents/airflowalura/semana=2025-08-18"']
[2025-09-06 12:51:36,129] {subprocess.py:85} INFO - Output:
[2025-09-06 12:51:36,147] {subprocess.py:96} INFO - Command exited with return code 0
[2025-09-06 12:51:36,201] {taskinstance.py:1395} INFO - Marking task as SUCCESS. dag_id=dados_climatico, task_id=criar_pasta, execution_date=20250811T000000, start_date=20250906T155135, end_date=20250906T155136
[2025-09-06 12:51:36,254] {local_task_job.py:156} INFO - Task exited with return code 0
[2025-09-06 12:51:36,310] {local_task_job.py:273} INFO - 1 downstream tasks scheduled from follow-on schedule check
[2025-09-06 13:02:02,495] {taskinstance.py:1159} INFO - Dependencies all met for <TaskInstance: dados_climatico.criar_pasta scheduled__2025-08-11T00:00:00+00:00 [queued]>
[2025-09-06 13:02:02,511] {taskinstance.py:1159} INFO - Dependencies all met for <TaskInstance: dados_climatico.criar_pasta scheduled__2025-08-11T00:00:00+00:00 [queued]>
[2025-09-06 13:02:02,511] {taskinstance.py:1356} INFO - 
--------------------------------------------------------------------------------
[2025-09-06 13:02:02,511] {taskinstance.py:1357} INFO - Starting attempt 1 of 1
[2025-09-06 13:02:02,511] {taskinstance.py:1358} INFO - 
--------------------------------------------------------------------------------
[2025-09-06 13:02:02,545] {taskinstance.py:1377} INFO - Executing <Task(BashOperator): criar_pasta> on 2025-08-11 00:00:00+00:00
[2025-09-06 13:02:02,553] {standard_task_runner.py:52} INFO - Started process 36635 to run task
[2025-09-06 13:02:02,560] {standard_task_runner.py:79} INFO - Running: ['airflow', 'tasks', 'run', 'dados_climatico', 'criar_pasta', 'scheduled__2025-08-11T00:00:00+00:00', '--job-id', '33', '--raw', '--subdir', 'DAGS_FOLDER/dados_climaticos.py', '--cfg-path', '/tmp/tmp5miy10z2', '--error-file', '/tmp/tmpj5ffaafd']
[2025-09-06 13:02:02,562] {standard_task_runner.py:80} INFO - Job 33: Subtask criar_pasta
[2025-09-06 13:02:02,640] {task_command.py:370} INFO - Running <TaskInstance: dados_climatico.criar_pasta scheduled__2025-08-11T00:00:00+00:00 [running]> on host lucas-Lenovo-ideapad-320-14IKB
[2025-09-06 13:02:02,735] {taskinstance.py:1569} INFO - Exporting the following env vars:
AIRFLOW_CTX_DAG_OWNER=airflow
AIRFLOW_CTX_DAG_ID=dados_climatico
AIRFLOW_CTX_TASK_ID=criar_pasta
AIRFLOW_CTX_EXECUTION_DATE=2025-08-11T00:00:00+00:00
AIRFLOW_CTX_TRY_NUMBER=1
AIRFLOW_CTX_DAG_RUN_ID=scheduled__2025-08-11T00:00:00+00:00
[2025-09-06 13:02:02,737] {subprocess.py:62} INFO - Tmp dir root location: 
 /tmp
[2025-09-06 13:02:02,738] {subprocess.py:74} INFO - Running command: ['bash', '-c', 'mkdir -p "/home/lucas/Documents/airflowalura/semana=2025-08-18"']
[2025-09-06 13:02:02,751] {subprocess.py:85} INFO - Output:
[2025-09-06 13:02:02,764] {subprocess.py:96} INFO - Command exited with return code 0
[2025-09-06 13:02:02,812] {taskinstance.py:1395} INFO - Marking task as SUCCESS. dag_id=dados_climatico, task_id=criar_pasta, execution_date=20250811T000000, start_date=20250906T160202, end_date=20250906T160202
[2025-09-06 13:02:02,853] {local_task_job.py:156} INFO - Task exited with return code 0
[2025-09-06 13:02:02,906] {local_task_job.py:273} INFO - 1 downstream tasks scheduled from follow-on schedule check
